2022-12-06 21:57:36,985 INFO Рабатаю со страницей - 1
2022-12-06 21:57:38,003 INFO Рабатаю с ссылкой - https://bugaga.ru/interesting/1146784533-japonskij-hudozhnik-prevraschaet-kultovye-internet-memy-s-zhivotnymi-v-skulptury.html
2022-12-06 21:57:38,811 INFO Рабатаю с ссылкой - https://bugaga.ru/interesting/1146784533-japonskij-hudozhnik-prevraschaet-kultovye-internet-memy-s-zhivotnymi-v-skulptury.html
2022-12-06 21:57:39,797 INFO Рабатаю с ссылкой - https://bugaga.ru/interesting/1146784130-novye-memnye-kotiki-ot-catwheezie.html
2022-12-06 21:57:40,647 INFO Рабатаю с ссылкой - https://bugaga.ru/interesting/1146784130-novye-memnye-kotiki-ot-catwheezie.html
2022-12-06 21:57:41,967 INFO Рабатаю с ссылкой - https://bugaga.ru/interesting/1146784130-novye-memnye-kotiki-ot-catwheezie.html
2022-12-06 21:57:42,789 INFO Рабатаю с ссылкой - https://bugaga.ru/jokes/1146784023-prikolnye-memy-na-bugage.html
2022-12-06 21:57:43,817 INFO Рабатаю с ссылкой - https://bugaga.ru/interesting/1146780917-izvestnye-memy-v-mnogokvartirnom-dome.html
2022-12-06 21:57:44,826 INFO Рабатаю с ссылкой - https://bugaga.ru/interesting/1146779829-internet-memy-kotorye-mozhno-potrogat-rukami.html
2022-12-06 21:57:45,802 INFO Рабатаю с ссылкой - https://bugaga.ru/interesting/1146779829-internet-memy-kotorye-mozhno-potrogat-rukami.html
2022-12-06 21:57:47,368 INFO Рабатаю с ссылкой - https://bugaga.ru/interesting/1146779829-internet-memy-kotorye-mozhno-potrogat-rukami.html
2022-12-06 21:57:48,236 INFO Рабатаю с ссылкой - https://bugaga.ru/jokes/1146779821-nemnogo-memov-9-foto.html
2022-12-06 21:57:49,002 INFO Рабатаю с ссылкой - https://bugaga.ru/jokes/1146779786-mart-2020-vs-mart-2021.html
2022-12-06 21:57:49,988 INFO Рабатаю с ссылкой - https://bugaga.ru/jokes/1146779361-fotomemy-dlja-horoshego-nastroenija.html
2022-12-06 21:57:50,921 INFO Рабатаю с ссылкой - https://bugaga.ru/pictures/1146779261-kak-izmenilis-so-vremenem-geroi-populjarnyh-memov.html
2022-12-06 21:57:52,191 INFO Рабатаю с ссылкой - https://bugaga.ru/interesting/1146779260-populjarnye-memy-s-koshkami-v-vide-zabavnyh-minimalistichnyh-illjustracij.html
2022-12-06 21:57:53,087 INFO Рабатаю с ссылкой - https://bugaga.ru/interesting/1146779260-populjarnye-memy-s-koshkami-v-vide-zabavnyh-minimalistichnyh-illjustracij.html
2022-12-06 21:57:54,102 INFO Рабатаю с ссылкой - https://bugaga.ru/jokes/1146779210-novogodnie-kartinki.html
2022-12-06 21:57:54,924 INFO Рабатаю с ссылкой - https://bugaga.ru/ahumor/1146779056-prikolnye-kartinki-s-poshlinkoj.html
2022-12-06 21:57:55,803 INFO Рабатаю с ссылкой - https://bugaga.ru/interesting/1146778782-esli-by-2020-byl.html
2022-12-06 21:57:56,609 INFO Рабатаю с ссылкой - https://bugaga.ru/pictures/1146778736-memy-v-stile-drevnih-japonskih-gravjur.html
2022-12-06 21:57:57,586 INFO Рабатаю с ссылкой - https://bugaga.ru/pictures/1146778732-memnye-kotiki-ot-catwheezie.html
2022-12-06 21:57:58,516 INFO Рабатаю с ссылкой - https://bugaga.ru/pictures/1146778732-memnye-kotiki-ot-catwheezie.html
2022-12-06 21:57:59,604 INFO Рабатаю с ссылкой - https://bugaga.ru/pictures/1146778440-populjarnye-memy-s-koshkami.html
2022-12-06 21:58:00,721 INFO Рабатаю с ссылкой - https://bugaga.ru/pictures/1146778440-populjarnye-memy-s-koshkami.html
2022-12-06 21:58:01,772 INFO Рабатаю с ссылкой - https://bugaga.ru/pictures/1146778440-populjarnye-memy-s-koshkami.html
2022-12-06 21:58:04,053 INFO Рабатаю с ссылкой - https://bugaga.ru/interesting/1146777820-100-dnevnyj-art-chellendzh.html
2022-12-06 21:58:05,047 INFO Рабатаю с ссылкой - https://bugaga.ru/interesting/1146777820-100-dnevnyj-art-chellendzh.html
2022-12-06 21:58:05,956 INFO Рабатаю с ссылкой - https://bugaga.ru/jokes/1146777620-riz-uizerspun-zapustila-mem-reesechallenge.html
2022-12-06 21:58:06,995 INFO Рабатаю с ссылкой - https://bugaga.ru/pictures/1146777557-esche-33-populjarnye-v-internete-fotografii-s-koshkami-pererisovannye-hudozhnicej-watercatlor.html
2022-12-06 21:58:07,956 INFO Рабатаю с ссылкой - https://bugaga.ru/pictures/1146777557-esche-33-populjarnye-v-internete-fotografii-s-koshkami-pererisovannye-hudozhnicej-watercatlor.html
2022-12-06 21:58:08,958 INFO Рабатаю с ссылкой - https://bugaga.ru/interesting/1146777202-prihodite-k-nam.html
2022-12-06 21:58:08,971 ERROR проблемма с запросом на страницу мемов
