2022-12-05 22:35:17,891 INFO Рабатаю со страницей - 1
2022-12-05 22:35:18,752 INFO Рабатаю с ссылкой - https://bugaga.ru/interesting/1146784533-japonskij-hudozhnik-prevraschaet-kultovye-internet-memy-s-zhivotnymi-v-skulptury.html
2022-12-05 22:35:19,411 INFO Рабатаю с ссылкой - https://bugaga.ru/interesting/page,2,1146784533-japonskij-hudozhnik-prevraschaet-kultovye-internet-memy-s-zhivotnymi-v-skulptury.html
2022-12-05 22:35:20,132 INFO Рабатаю с ссылкой - https://bugaga.ru/interesting/1146784130-novye-memnye-kotiki-ot-catwheezie.html
2022-12-05 22:35:20,784 INFO Рабатаю с ссылкой - https://bugaga.ru/interesting/page,2,1146784130-novye-memnye-kotiki-ot-catwheezie.html
2022-12-05 22:35:20,797 ERROR не перевелось в число количество мемов в паке list index out of range
2022-12-05 22:35:21,582 INFO Рабатаю с ссылкой - https://bugaga.ru/interesting/1146780917-izvestnye-memy-v-mnogokvartirnom-dome.html
2022-12-05 22:35:22,371 INFO Рабатаю с ссылкой - https://bugaga.ru/interesting/1146779829-internet-memy-kotorye-mozhno-potrogat-rukami.html
2022-12-05 22:35:23,127 INFO Рабатаю с ссылкой - https://bugaga.ru/interesting/page,2,1146779829-internet-memy-kotorye-mozhno-potrogat-rukami.html
2022-12-05 22:35:23,779 ERROR не перевелось в число количество мемов в паке list index out of range
2022-12-05 22:35:23,779 ERROR не перевелось в число количество мемов в паке list index out of range
2022-12-05 22:35:24,513 INFO Рабатаю с ссылкой - https://bugaga.ru/interesting/1146779260-populjarnye-memy-s-koshkami-v-vide-zabavnyh-minimalistichnyh-illjustracij.html
2022-12-05 22:35:25,241 INFO Рабатаю с ссылкой - https://bugaga.ru/interesting/page,2,1146779260-populjarnye-memy-s-koshkami-v-vide-zabavnyh-minimalistichnyh-illjustracij.html
2022-12-05 22:35:25,252 ERROR не перевелось в число количество мемов в паке list index out of range
2022-12-05 22:35:25,252 ERROR не перевелось в число количество мемов в паке list index out of range
2022-12-05 22:35:25,253 ERROR не перевелось в число количество мемов в паке list index out of range
2022-12-05 22:35:25,253 ERROR не перевелось в число количество мемов в паке list index out of range
2022-12-05 22:35:26,097 INFO Рабатаю с ссылкой - https://bugaga.ru/interesting/1146777820-100-dnevnyj-art-chellendzh.html
2022-12-05 22:35:26,107 ERROR не перевелось в число количество мемов в паке list index out of range
2022-12-05 22:35:26,913 INFO Рабатаю с ссылкой - https://bugaga.ru/interesting/1146777202-prihodite-k-nam.html
2022-12-05 22:35:26,923 ERROR проблемма с запросом на страницу мемов
